2018-09-23 23:56:07,779 - driver.Driver - INFO - *******************************************************
2018-09-23 23:56:07,785 - driver.Driver - INFO - ------------WEL COME TO AUTOMATION FRAMEWORK-----------
2018-09-23 23:56:07,785 - driver.Driver - INFO - *******************************************************
2018-09-23 23:56:07,785 - driver.Driver - INFO - ------------------Its a MAIN Class---------------------
2018-09-23 23:56:07,803 - driver.Driver - INFO - ---------Browser Initialization Started----------
2018-09-23 23:56:07,805 - driver.Driver - INFO - ---------Executing Test Scenarios Started----------
2018-09-24 00:02:30,660 - driver.Driver - INFO - *******************************************************
2018-09-24 00:02:30,664 - driver.Driver - INFO - ------------WEL COME TO AUTOMATION FRAMEWORK-----------
2018-09-24 00:02:30,665 - driver.Driver - INFO - *******************************************************
2018-09-24 00:02:30,665 - driver.Driver - INFO - ------------------Its a MAIN Class---------------------
2018-09-24 00:02:30,666 - driver.Driver - INFO - ---------Browser Initialization Started----------
2018-09-24 00:02:30,668 - driver.Driver - INFO - ---------Executing Test Scenarios Started----------
2018-09-24 00:04:39,087 - driver.Driver - INFO - *******************************************************
2018-09-24 00:04:39,091 - driver.Driver - INFO - ------------WEL COME TO AUTOMATION FRAMEWORK-----------
2018-09-24 00:04:39,092 - driver.Driver - INFO - *******************************************************
2018-09-24 00:04:39,092 - driver.Driver - INFO - ------------------Its a MAIN Class---------------------
2018-09-24 00:04:39,093 - driver.Driver - INFO - ---------Browser Initialization Started----------
2018-09-24 00:04:39,095 - driver.Driver - INFO - ---------Executing Test Scenarios Started----------
2018-09-24 00:04:47,887 - driver.Driver - INFO - *******************************************************
2018-09-24 00:04:47,891 - driver.Driver - INFO - ------------WEL COME TO AUTOMATION FRAMEWORK-----------
2018-09-24 00:04:47,892 - driver.Driver - INFO - *******************************************************
2018-09-24 00:04:47,892 - driver.Driver - INFO - ------------------Its a MAIN Class---------------------
2018-09-24 00:06:41,949 - driver.Driver - INFO - *******************************************************
2018-09-24 00:06:41,955 - driver.Driver - INFO - ------------WEL COME TO AUTOMATION FRAMEWORK-----------
2018-09-24 00:06:41,956 - driver.Driver - INFO - *******************************************************
2018-09-24 00:06:41,956 - driver.Driver - INFO - ------------------Its a MAIN Class---------------------
2018-09-24 00:08:17,627 - driver.Driver - INFO - ---------Browser Initialization Started----------
2018-09-24 00:08:17,632 - driver.Driver - INFO - ---------Executing Test Scenarios Started----------
2018-09-24 00:08:29,127 - driver.Driver - INFO - *******************************************************
2018-09-24 00:08:29,132 - driver.Driver - INFO - ------------WEL COME TO AUTOMATION FRAMEWORK-----------
2018-09-24 00:08:29,132 - driver.Driver - INFO - *******************************************************
2018-09-24 00:08:29,133 - driver.Driver - INFO - ------------------Its a MAIN Class---------------------
2018-09-24 20:29:37,221 - driver.Driver - INFO - *******************************************************
2018-09-24 20:29:37,253 - driver.Driver - INFO - ------------WEL COME TO AUTOMATION FRAMEWORK-----------
2018-09-24 20:29:37,253 - driver.Driver - INFO - *******************************************************
2018-09-24 20:29:37,253 - driver.Driver - INFO - ------------------Its a MAIN Class---------------------
2018-09-24 20:41:26,132 - driver.Driver - INFO - *******************************************************
2018-09-24 20:41:26,132 - driver.Driver - INFO - ------------WEL COME TO AUTOMATION FRAMEWORK-----------
2018-09-24 20:41:26,132 - driver.Driver - INFO - *******************************************************
2018-09-24 20:41:26,132 - driver.Driver - INFO - ------------------Its a MAIN Class---------------------
2018-09-24 20:43:11,823 - driver.Driver - INFO - *******************************************************
2018-09-24 20:43:11,823 - driver.Driver - INFO - ------------WEL COME TO AUTOMATION FRAMEWORK-----------
2018-09-24 20:43:11,823 - driver.Driver - INFO - *******************************************************
2018-09-24 20:43:11,823 - driver.Driver - INFO - ------------------Its a MAIN Class---------------------
2018-09-24 20:45:48,453 - driver.Driver - INFO - *******************************************************
2018-09-24 20:45:48,469 - driver.Driver - INFO - ------------WEL COME TO AUTOMATION FRAMEWORK-----------
2018-09-24 20:45:48,469 - driver.Driver - INFO - *******************************************************
2018-09-24 20:45:48,469 - driver.Driver - INFO - ------------------Its a MAIN Class---------------------
2018-09-24 20:50:01,545 - driver.Driver - INFO - *******************************************************
2018-09-24 20:50:01,561 - driver.Driver - INFO - ------------WEL COME TO AUTOMATION FRAMEWORK-----------
2018-09-24 20:50:01,561 - driver.Driver - INFO - *******************************************************
2018-09-24 20:50:01,561 - driver.Driver - INFO - ------------------Its a MAIN Class---------------------
2018-09-24 20:51:54,235 - driver.Driver - INFO - *******************************************************
2018-09-24 20:51:54,235 - driver.Driver - INFO - ------------WEL COME TO AUTOMATION FRAMEWORK-----------
2018-09-24 20:51:54,250 - driver.Driver - INFO - *******************************************************
2018-09-24 20:51:54,250 - driver.Driver - INFO - ------------------Its a MAIN Class---------------------
2018-09-24 20:51:54,250 - driver.Driver - INFO - ---------Executing Test Scenarios Started----------
2018-09-24 20:52:09,051 - driver.Driver - INFO - *******************************************************
2018-09-24 20:52:09,051 - driver.Driver - INFO - ------------WEL COME TO AUTOMATION FRAMEWORK-----------
2018-09-24 20:52:09,051 - driver.Driver - INFO - *******************************************************
2018-09-24 20:52:09,051 - driver.Driver - INFO - ------------------Its a MAIN Class---------------------
2018-09-24 20:56:24,339 - driver.Driver - INFO - *******************************************************
2018-09-24 20:56:24,339 - driver.Driver - INFO - ------------WEL COME TO AUTOMATION FRAMEWORK-----------
2018-09-24 20:56:24,339 - driver.Driver - INFO - *******************************************************
2018-09-24 20:56:24,339 - driver.Driver - INFO - ------------------Its a MAIN Class---------------------
2018-09-24 20:56:24,339 - driver.Driver - INFO - ---------Browser Initialization Started----------
2018-09-24 20:56:25,385 - driver.Driver - INFO - ---------Selected Browser for AUT is : FireFox----------
2018-09-24 20:56:50,752 - driver.Driver - INFO - *******************************************************
2018-09-24 20:56:50,752 - driver.Driver - INFO - ------------WEL COME TO AUTOMATION FRAMEWORK-----------
2018-09-24 20:56:50,752 - driver.Driver - INFO - *******************************************************
2018-09-24 20:56:50,752 - driver.Driver - INFO - ------------------Its a MAIN Class---------------------
2018-09-24 20:58:55,885 - driver.Driver - INFO - ---------Browser Initialization Started----------
2018-09-24 20:59:55,131 - driver.Driver - INFO - *******************************************************
2018-09-24 20:59:55,147 - driver.Driver - INFO - ------------WEL COME TO AUTOMATION FRAMEWORK-----------
2018-09-24 20:59:55,147 - driver.Driver - INFO - *******************************************************
2018-09-24 20:59:55,147 - driver.Driver - INFO - ------------------Its a MAIN Class---------------------
2018-09-24 20:59:55,147 - driver.Driver - INFO - ---------Browser Initialization Started----------
2018-09-24 20:59:56,053 - driver.Driver - INFO - ---------Selected Browser for AUT is : FireFox----------
2018-09-24 21:03:24,996 - driver.Driver - INFO - *******************************************************
2018-09-24 21:03:24,996 - driver.Driver - INFO - ------------WEL COME TO AUTOMATION FRAMEWORK-----------
2018-09-24 21:03:24,996 - driver.Driver - INFO - *******************************************************
2018-09-24 21:03:24,996 - driver.Driver - INFO - ------------------Its a MAIN Class---------------------
2018-09-24 21:03:24,996 - driver.Driver - INFO - ---------Browser Initialization Started----------
2018-09-24 21:03:25,934 - driver.Driver - INFO - ---------Selected Browser for AUT is : Chrome----------
2018-09-24 21:04:13,348 - driver.Driver - INFO - *******************************************************
2018-09-24 21:04:13,348 - driver.Driver - INFO - ------------WEL COME TO AUTOMATION FRAMEWORK-----------
2018-09-24 21:04:13,348 - driver.Driver - INFO - *******************************************************
2018-09-24 21:04:13,348 - driver.Driver - INFO - ------------------Its a MAIN Class---------------------
2018-09-24 21:05:31,281 - driver.Driver - INFO - *******************************************************
2018-09-24 21:05:31,296 - driver.Driver - INFO - ------------WEL COME TO AUTOMATION FRAMEWORK-----------
2018-09-24 21:05:31,296 - driver.Driver - INFO - *******************************************************
2018-09-24 21:05:31,296 - driver.Driver - INFO - ------------------Its a MAIN Class---------------------
2018-09-24 21:06:06,376 - driver.Driver - INFO - ---------Browser Initialization Started----------
2018-09-24 21:06:08,391 - driver.Driver - INFO - ---------Selected Browser for AUT is : Chrome----------
2018-09-24 21:09:54,578 - driver.Driver - INFO - *******************************************************
2018-09-24 21:09:54,578 - driver.Driver - INFO - ------------WEL COME TO AUTOMATION FRAMEWORK-----------
2018-09-24 21:09:54,578 - driver.Driver - INFO - *******************************************************
2018-09-24 21:09:54,578 - driver.Driver - INFO - ------------------Its a MAIN Class---------------------
2018-09-24 21:11:37,014 - driver.Driver - INFO - *******************************************************
2018-09-24 21:11:37,029 - driver.Driver - INFO - ------------WEL COME TO AUTOMATION FRAMEWORK-----------
2018-09-24 21:11:37,029 - driver.Driver - INFO - *******************************************************
2018-09-24 21:11:37,029 - driver.Driver - INFO - ------------------Its a MAIN Class---------------------
2018-09-24 21:11:37,029 - driver.Driver - INFO - ---------Browser Initialization Started----------
2018-09-24 21:11:38,076 - driver.Driver - INFO - ---------Selected Browser for AUT is : Chrome----------
2018-09-24 21:23:35,446 - driver.Driver - INFO - *******************************************************
2018-09-24 21:23:35,461 - driver.Driver - INFO - ------------WEL COME TO AUTOMATION FRAMEWORK-----------
2018-09-24 21:23:35,461 - driver.Driver - INFO - *******************************************************
2018-09-24 21:23:35,461 - driver.Driver - INFO - ------------------Its a MAIN Class---------------------
2018-09-24 21:23:35,461 - driver.Driver - INFO - ---------Browser Initialization Started----------
2018-09-24 21:23:36,620 - driver.Driver - INFO - ---------Selected Browser for AUT is : Chrome----------
2018-09-24 21:23:44,413 - driver.Driver - INFO - ---------Executing Test Scenarios Started----------
2018-09-24 21:23:44,510 - driver.Driver - INFO - ---------Executing Test Type : SmokeTest----------
2018-09-24 21:23:44,514 - driver.Driver - INFO - ---------Running Test Suite :InitiateApplicationUnderTest|| Running Test Case :openApplicationURL-------------
2018-09-24 21:24:00,384 - driver.Driver - INFO - ---------Running Test Suite :UserRegistration|| Running Test Case :registerNewUser-------------
2018-09-24 21:24:42,279 - driver.Driver - INFO - *******************************************************
2018-09-24 21:24:42,294 - driver.Driver - INFO - ------------WEL COME TO AUTOMATION FRAMEWORK-----------
2018-09-24 21:24:42,294 - driver.Driver - INFO - *******************************************************
2018-09-24 21:24:42,294 - driver.Driver - INFO - ------------------Its a MAIN Class---------------------
2018-09-24 21:24:42,294 - driver.Driver - INFO - ---------Browser Initialization Started----------
2018-09-24 21:24:43,341 - driver.Driver - INFO - ---------Selected Browser for AUT is : Chrome----------
2018-09-24 21:24:46,283 - driver.Driver - INFO - ---------Executing Test Scenarios Started----------
2018-09-24 21:24:46,408 - driver.Driver - INFO - ---------Executing Test Type : SmokeTest----------
2018-09-24 21:24:46,412 - driver.Driver - INFO - ---------Running Test Suite :InitiateApplicationUnderTest|| Running Test Case :openApplicationURL-------------
2018-09-24 21:24:56,430 - driver.Driver - INFO - ---------Running Test Suite :UserRegistration|| Running Test Case :registerNewUser-------------
